make all --print-data-base --no-builtin-variables --no-builtin-rules --question
make: *** No rule to make target 'all'.  Stop.

# GNU Make 4.2.1
# Built for x86_64-pc-linux-gnu
# Copyright (C) 1988-2016 Free Software Foundation, Inc.
# License GPLv3+: GNU GPL version 3 or later <http://gnu.org/licenses/gpl.html>
# This is free software: you are free to change and redistribute it.
# There is NO WARRANTY, to the extent permitted by law.

# Make data base, printed on Mon Apr  4 15:51:29 2022

# Variables

# automatic
<D = $(patsubst %/,%,$(dir $<))
# automatic
?F = $(notdir $?)
# environment
DESKTOP_SESSION = plasma
# default
.SHELLFLAGS := -c
# makefile (from 'Makefile', line 29)
OBJ = $(shell echo $(AUX) | sed -r 's/.cc/.o/g')
# environment
XDG_SESSION_CLASS = user
# environment
SNAP_COMMON = /var/snap/code/common
# environment
XDG_SESSION_TYPE = x11
# environment
VSCODE_LOG_NATIVE = false
# automatic
?D = $(patsubst %/,%,$(dir $?))
# automatic
@D = $(patsubst %/,%,$(dir $@))
# environment
XAUTHORITY = /home/themaster/.Xauthority
# automatic
@F = $(notdir $@)
# default
MAKE_VERSION := 4.2.1
# makefile
CURDIR := /home/themaster/Documentos/2nd_year_AEDA/p04_hash_table
# makefile
SHELL = /bin/sh
# environment
SNAP_DATA = /var/snap/code/92
# environment
VSCODE_NLS_CONFIG = {"locale":"es","availableLanguages":{"*":"es"},"_languagePackId":"52008e6c8462a436096c40d64a7cb71d.es","_translationsConfigFile":"/home/themaster/.config/Code/clp/52008e6c8462a436096c40d64a7cb71d.es/tcf.json","_cacheRoot":"/home/themaster/.config/Code/clp/52008e6c8462a436096c40d64a7cb71d.es","_resolvedLanguagePackCoreLocation":"/home/themaster/.config/Code/clp/52008e6c8462a436096c40d64a7cb71d.es/e18005f0f1b33c29e81d732535d8c0e47cafb0b5","_corruptedFile":"/home/themaster/.config/Code/clp/52008e6c8462a436096c40d64a7cb71d.es/corrupted.info","_languagePackSupport":true}
# environment
_ = /snap/code/92/usr/share/code/code
# environment
QT_AUTO_SCREEN_SCALE_FACTOR = 0
# makefile (from 'Makefile', line 5)
CFLAGS = -I -g -std=c++17 -Wall -Weffc++ -Wextra -Wpedantic -Werror
# environment
XDG_CONFIG_DIRS = /etc/xdg/xdg-plasma:/etc/xdg
# environment
SNAP_INSTANCE_NAME = code
# environment
SNAP_ARCH = amd64
# makefile (from 'Makefile', line 1)
MAKEFILE_LIST :=  Makefile
# makefile (from 'Makefile', line 8)
EJECUTABLE = hash_table
# 'override' directive
GNUMAKEFLAGS := 
# environment
XDG_DATA_DIRS = /usr/share/plasma:/usr/local/share:/usr/share:/var/lib/snapd/desktop
# environment
DBUS_SESSION_BUS_ADDRESS = unix:path=/run/user/1000/bus
# environment
VSCODE_VERBOSE_LOGGING = true
# environment
LESSOPEN = | /usr/bin/lesspipe %s
# environment
VSCODE_CWD = /home/themaster
# environment
PAM_KWALLET5_LOGIN = /run/user/1000/kwallet5.socket
# environment
XDG_SESSION_PATH = /org/freedesktop/DisplayManager/Session1
# environment
GSETTINGS_SCHEMA_DIR = /snap/code/92/usr/share/glib-2.0/schemas
# default
MAKE_HOST := x86_64-pc-linux-gnu
# environment
PATH = /usr/local/sbin:/usr/local/bin:/usr/sbin:/usr/bin:/sbin:/bin:/usr/games:/usr/local/games:/snap/bin
# environment
GPG_AGENT_INFO = /run/user/1000/gnupg/S.gpg-agent:0:1
# environment
XCURSOR_THEME = breeze_cursors
# environment
SESSION_MANAGER = local/themaster-VirtualBox:@/tmp/.ICE-unix/1445,unix/themaster-VirtualBox:/tmp/.ICE-unix/1445
# environment
XDG_RUNTIME_DIR = /run/user/1000
# environment
GDK_PIXBUF_MODULE_FILE = /home/themaster/snap/code/common/.cache/gdk-pixbuf-loaders.cache
# environment
SNAP = /snap/code/92
# environment
SNAP_VERSION = e18005f0
# environment
VSCODE_LOG_STACK = false
# environment
DISABLE_WAYLAND = 1
# environment
ELECTRON_RUN_AS_NODE = 1
# environment
GDK_PIXBUF_MODULEDIR = /snap/code/92/usr/lib/x86_64-linux-gnu/gdk-pixbuf-2.0/2.10.0/loaders
# default
.FEATURES := target-specific order-only second-expansion else-if shortest-stem undefine oneshell archives jobserver output-sync check-symlink load
# environment
LS_COLORS = 
# makefile (from 'Makefile', line 28)
AUX = $(OBJSRC)/*.cc
# environment
XDG_SESSION_DESKTOP = KDE
# environment
SSH_AUTH_SOCK = /tmp/ssh-GSGagJ4AJNGm/agent.1275
# automatic
%F = $(notdir $%)
# environment
DISPLAY = :0
# environment
VSCODE_PIPE_LOGGING = true
# environment
SNAP_INSTANCE_KEY = 
# environment
PWD = /home/themaster/Documentos/2nd_year_AEDA/p04_hash_table
# environment
KDE_SESSION_VERSION = 5
# default
.LOADED := 
# environment
XDG_SEAT = seat0
# environment
SSH_AGENT_PID = 1360
# environment
ORIGINAL_XDG_CURRENT_DESKTOP = KDE
# environment
GTK_MODULES = gail:atk-bridge
# environment
VSCODE_AMD_ENTRYPOINT = vs/workbench/api/node/extensionHostProcess
# environment
HOME = /home/themaster
# environment
LESSCLOSE = /usr/bin/lesspipe %s %s
# environment
VSCODE_CLI = 1
# makefile (from 'Makefile', line 16)
DEPSSRC = include
# environment
VSCODE_CODE_CACHE_PATH = /home/themaster/.config/Code/CachedData/e18005f0f1b33c29e81d732535d8c0e47cafb0b5
# environment
LOGNAME = themaster
# environment
APPLICATION_INSIGHTS_NO_DIAGNOSTIC_CHANNEL = 1
# environment
SNAP_LIBRARY_PATH = /var/lib/snapd/lib/gl:/var/lib/snapd/lib/gl32:/var/lib/snapd/void
# environment
SNAP_CONTEXT = nZXWS0PpnyDsgGrOv7lqdlO1KpOBNvf1GmbhnQH-Swfx5SaYv885
# environment
KDE_FULL_SESSION = true
# environment
ELECTRON_NO_ATTACH_CONSOLE = 1
# environment
SNAP_USER_COMMON = /home/themaster/snap/code/common
# environment
VSCODE_HANDLES_UNCAUGHT_ERRORS = true
# automatic
^D = $(patsubst %/,%,$(dir $^))
# environment
XDG_VTNR = 1
# environment
MAKELEVEL := 0
# environment
SNAP_REAL_HOME = /home/themaster
# default
MAKE = $(MAKE_COMMAND)
# default
MAKECMDGOALS := all
# environment
SNAP_USER_DATA = /home/themaster/snap/code/92
# environment
SHLVL = 0
# makefile (from 'Makefile', line 36)
BINDIR = bin
# makefile (from 'Makefile', line 2)
CC = g++
# environment
VSCODE_IPC_HOOK_EXTHOST = /run/user/1000/vscode-ipc-3dd97de1-49e2-44fb-ac52-63e707259155.sock
# environment
XDG_SESSION_ID = 3
# environment
USER = themaster
# environment
SNAP_REVISION = 92
# makefile
.DEFAULT_GOAL := bin/hash_table
# makefile (from 'Makefile', line 24)
DEPSCPY = $(DEPS)
# environment
XDG_CURRENT_DESKTOP = KDE
# automatic
%D = $(patsubst %/,%,$(dir $%))
# default
MAKE_COMMAND := make
# default
.VARIABLES := 
# automatic
*F = $(notdir $*)
# environment
LANGUAGE = 
# environment
XDG_SEAT_PATH = /org/freedesktop/DisplayManager/Seat0
# environment
VSCODE_IPC_HOOK = /run/user/1000/vscode-9b8d5325-1.66.0-main.sock
# environment
BAMF_DESKTOP_FILE_HINT = /var/lib/snapd/desktop/applications/code_code.desktop
# makefile
MAKEFLAGS = pqrR
# environment
MFLAGS = -pqrR
# automatic
*D = $(patsubst %/,%,$(dir $*))
# automatic
+D = $(patsubst %/,%,$(dir $+))
# environment
GDK_BACKEND = x11
# automatic
+F = $(notdir $+)
# environment
QT_ACCESSIBILITY = 1
# 'override' directive
.SHELLSTATUS := 0
# default
MAKEFILES := 
# environment
SNAP_COOKIE = nZXWS0PpnyDsgGrOv7lqdlO1KpOBNvf1GmbhnQH-Swfx5SaYv885
# automatic
<F = $(notdir $<)
# makefile (from 'Makefile', line 33)
OBJDIR = build
# environment
SNAP_NAME = code
# environment
LC_ALL = C
# automatic
^F = $(notdir $^)
# makefile (from 'Makefile', line 23)
DEPS = $(DEPSSRC)/*.h
# default
SUFFIXES := 
# environment
SNAP_REEXEC = 
# environment
CHROME_DESKTOP = code-url-handler.desktop
# makefile (from 'Makefile', line 19)
OBJSRC = src
# default
.INCLUDE_DIRS = /usr/include /usr/local/include /usr/include
# default
.RECIPEPREFIX := 
# environment
LANG = C
# environment
VSCODE_PID = 1764
# environment
KDE_SESSION_UID = 1000
# variable set hash-table stats:
# Load=128/1024=12%, Rehash=0, Collisions=13/163=8%

# Pattern-specific Variable Values

# No pattern-specific variable values.

# Directories

# include (device 2053, inode 2397584): 12 files, no impossibilities.
# . (device 2053, inode 2397579): 8 files, no impossibilities.

# 20 files, no impossibilities in 2 directories.

# Implicit Rules

 
%.o: %.cc include/SBlock.h include/ExplorationFunction.h include/SList.h include/DFModulo.h include/main_functions.h include/EFCuadratica.h include/HashTable.h include/DispersionFunction.h include/Sequence.h include/DFRandom.h
#  recipe to execute (from 'Makefile', line 40):
	$(CC) $(CFLAGS) -c -o $@ $<

# 1 implicit rules, 0 (0.0%) terminal.

# Files

# Not a target:
src/SBlock.o:
#  Implicit rule search has not been done.
#  Modification time never checked.
#  File has not been updated.

bin/hash_table: src/DFModulo.o src/DFRandom.o src/DispersionFunction.o src/EFCuadratica.o src/ExplorationFunction.o src/HashTable.o src/SBlock.o src/SList.o src/Sequence.o src/main_functions.o src/main_hash_table.o
#  Implicit rule search has not been done.
#  Modification time never checked.
#  File has not been updated.
#  recipe to execute (from 'Makefile', line 43):
	$(CC) $(CFLAGS) -o $@ $^
	@echo ""
	@echo ARCHIVOS .o: $(OBJ)
	@echo ARCHIVOS .h: $(DEPSCPY)
	@echo ""

# Not a target:
src/main_hash_table.o:
#  Implicit rule search has not been done.
#  Modification time never checked.
#  File has not been updated.

# Not a target:
all:
#  Command line target.
#  Implicit rule search has been done.
#  File does not exist.
#  File has not been updated.

template:
#  Implicit rule search has not been done.
#  Modification time never checked.
#  File has not been updated.
#  recipe to execute (from 'Makefile', line 57):
	mkdir $(BINDIR)
	mkdir $(OBJDIR)
	mkdir $(DEPSSRC)
	mkdir $(OBJSRC)
	@echo "Plantilla creada correctamente"

# Not a target:
Makefile:
#  Implicit rule search has been done.
#  Last modified 2022-04-03 19:31:31.285888386
#  File has been updated.
#  Successfully updated.

# Not a target:
src/DFModulo.o:
#  Implicit rule search has not been done.
#  Modification time never checked.
#  File has not been updated.

# Not a target:
src/HashTable.o:
#  Implicit rule search has not been done.
#  Modification time never checked.
#  File has not been updated.

# Not a target:
src/SList.o:
#  Implicit rule search has not been done.
#  Modification time never checked.
#  File has not been updated.

cleaner:
#  Implicit rule search has not been done.
#  Modification time never checked.
#  File has not been updated.
#  recipe to execute (from 'Makefile', line 54):
	rm -rf $(BINDIR)/*

# Not a target:
src/main_functions.o:
#  Implicit rule search has not been done.
#  Modification time never checked.
#  File has not been updated.

# Not a target:
src/DFRandom.o:
#  Implicit rule search has not been done.
#  Modification time never checked.
#  File has not been updated.

# Not a target:
.DEFAULT:
#  Implicit rule search has not been done.
#  Modification time never checked.
#  File has not been updated.

clean:
#  Implicit rule search has not been done.
#  Modification time never checked.
#  File has not been updated.
#  recipe to execute (from 'Makefile', line 51):
	rm -rf $(OBJSRC)/*.o

show:
#  Implicit rule search has not been done.
#  Modification time never checked.
#  File has not been updated.
#  recipe to execute (from 'Makefile', line 64):
	@echo $(AUX)
	@echo $(OBJ)
	@echo $(DEPSCPY)

# Not a target:
src/Sequence.o:
#  Implicit rule search has not been done.
#  Modification time never checked.
#  File has not been updated.

# Not a target:
src/EFCuadratica.o:
#  Implicit rule search has not been done.
#  Modification time never checked.
#  File has not been updated.

# Not a target:
src/DispersionFunction.o:
#  Implicit rule search has not been done.
#  Modification time never checked.
#  File has not been updated.

# Not a target:
src/ExplorationFunction.o:
#  Implicit rule search has not been done.
#  Modification time never checked.
#  File has not been updated.

# files hash-table stats:
# Load=20/1024=2%, Rehash=0, Collisions=0/41=0%
# VPATH Search Paths

# No 'vpath' search paths.

# No general ('VPATH' variable) search path.

# strcache buffers: 1 (0) / strings = 51 / storage = 704 B / avg = 13 B
# current buf: size = 8162 B / used = 704 B / count = 51 / avg = 13 B

# strcache performance: lookups = 63 / hit rate = 19%
# hash-table stats:
# Load=51/8192=1%, Rehash=0, Collisions=2/63=3%
# Finished Make data base on Mon Apr  4 15:51:29 2022

 
